2026-02-04 10:02:09 [main] INFO  Log - Getting URL of the page
2026-02-04 10:02:10 [main] INFO  Log - URL verification completed
2026-02-04 10:08:27 [main] INFO  Log - Getting URL of the page
2026-02-04 10:08:29 [main] INFO  Log - URL verification completed
2026-02-04 10:08:39 [main] INFO  TC_2Bikes - To retrieve the data of the Royal Enfield Bikes under 5 lakhs
2026-02-04 10:08:45 [main] INFO  TC_2Bikes - Retrieved Bike Details Sucessfully
2026-02-04 10:08:56 [main] INFO  TC_3UpcomingDisplayed - Checking whether Upcoming Bikes displayed or not
2026-02-04 10:08:56 [main] INFO  TC_3UpcomingDisplayed - Upcoming Bikes Displayed Successfully
2026-02-04 10:09:07 [main] INFO  TC_4AllBksUndr5lkhs - Checking whether Bikes under five lakhs displayed or not
2026-02-04 10:09:08 [main] INFO  TC_4AllBksUndr5lkhs - Bikes under Five lakhs are displayed
2026-02-04 10:09:18 [main] INFO  TC_5AllBksRylEnField - Checking whether all bikes are royal enfield or not
2026-02-04 10:09:19 [main] INFO  TC_5AllBksRylEnField - All bikes are Royal Enfield
2026-02-04 10:09:29 [main] INFO  TC_6AllBikes - Retrieving all the bikes details displayed or not
2026-02-04 10:09:32 [main] INFO  TC_6AllBikes - all the bike details are displayed successfully
2026-02-04 10:09:44 [main] INFO  TC_7AlrtMe - Checking whether Alert me option is displayed or not
2026-02-04 10:09:44 [main] INFO  TC_7AlrtMe - ALert me option displayed sucessfully
2026-02-04 10:09:56 [main] INFO  TC_8Cars - Retrieving the car details
2026-02-04 10:09:59 [main] INFO  TC_8Cars - Retrieved all the car details sucessfully
2026-02-04 10:10:12 [main] INFO  TC_9CarsURL - Whether the car url is valid or not
2026-02-04 10:10:12 [main] INFO  TC_9CarsURL - Cars url verified Sucessfully
2026-02-04 10:10:22 [main] INFO  TC_10Location - Checking whether chennai location is present
2026-02-04 10:10:27 [main] INFO  TC_10Location - Chennai location is displayed
2026-02-04 10:10:35 [main] INFO  TC_11UsedCarsInChennai - To check whether used cars in chennai is displayed or not
2026-02-04 10:10:40 [main] INFO  TC_11UsedCarsInChennai - Used cars option is displayed successfully
2026-02-04 10:11:05 [main] INFO  TC_13DuplicateBikes - To check whether there are any duplicates are present
2026-02-04 10:11:09 [main] INFO  TC_13DuplicateBikes - No duplicates are present
2026-02-04 10:11:17 [main] INFO  TC_14DuplicateCars - to check the duplicate cars are present or not
2026-02-04 10:11:22 [main] INFO  TC_14DuplicateCars - No duplicate cars are found
2026-02-04 10:11:41 [main] INFO  TC_16VEmailInPwd - To verify with the valid email and invalid password
2026-02-04 10:11:46 [main] INFO  TC_16VEmailInPwd - Unable to login 
2026-02-04 10:20:31 [main] INFO  Log - Getting URL of the page
2026-02-04 10:20:41 [main] INFO  Log - URL verification completed
2026-02-04 10:20:56 [main] INFO  TC_2Bikes - To retrieve the data of the Royal Enfield Bikes under 5 lakhs
2026-02-04 10:21:26 [main] INFO  TC_2Bikes - Retrieved Bike Details Sucessfully
2026-02-04 10:21:42 [main] INFO  TC_3UpcomingDisplayed - Checking whether Upcoming Bikes displayed or not
2026-02-04 10:21:42 [main] INFO  TC_3UpcomingDisplayed - Upcoming Bikes Displayed Successfully
2026-02-04 10:22:06 [main] INFO  TC_4AllBksUndr5lkhs - Checking whether Bikes under five lakhs displayed or not
2026-02-04 10:22:07 [main] INFO  TC_4AllBksUndr5lkhs - Bikes under Five lakhs are displayed
2026-02-04 10:22:50 [main] INFO  TC_5AllBksRylEnField - Checking whether all bikes are royal enfield or not
2026-02-04 10:22:51 [main] INFO  TC_5AllBksRylEnField - All bikes are Royal Enfield
2026-02-04 10:23:19 [main] INFO  TC_6AllBikes - Retrieving all the bikes details displayed or not
2026-02-04 10:23:38 [main] INFO  TC_6AllBikes - all the bike details are displayed successfully
2026-02-04 10:24:24 [main] INFO  TC_7AlrtMe - Checking whether Alert me option is displayed or not
2026-02-04 10:24:25 [main] INFO  TC_7AlrtMe - ALert me option displayed sucessfully
2026-02-04 10:24:56 [main] INFO  TC_8Cars - Retrieving the car details
2026-02-04 10:25:05 [main] INFO  TC_8Cars - Retrieved all the car details sucessfully
2026-02-04 10:25:33 [main] INFO  TC_9CarsURL - Whether the car url is valid or not
2026-02-04 10:25:33 [main] INFO  TC_9CarsURL - Cars url verified Sucessfully
2026-02-04 10:25:48 [main] INFO  TC_10Location - Checking whether chennai location is present
2026-02-04 10:26:00 [main] INFO  TC_10Location - Chennai location is displayed
2026-02-04 10:26:16 [main] INFO  TC_11UsedCarsInChennai - To check whether used cars in chennai is displayed or not
2026-02-04 10:26:39 [main] INFO  TC_11UsedCarsInChennai - Used cars option is displayed successfully
2026-02-04 10:27:19 [main] INFO  TC_13DuplicateBikes - To check whether there are any duplicates are present
2026-02-04 10:27:47 [main] INFO  TC_13DuplicateBikes - No duplicates are present
2026-02-04 10:28:03 [main] INFO  TC_14DuplicateCars - to check the duplicate cars are present or not
2026-02-04 10:28:16 [main] INFO  TC_14DuplicateCars - No duplicate cars are found
2026-02-04 10:28:32 [main] INFO  TC_16VEmailInPwd - To verify with the valid email and invalid password
2026-02-04 10:28:37 [main] INFO  TC_16VEmailInPwd - Unable to login 
2026-02-04 10:43:23 [main] INFO  Log - Getting URL of the page
2026-02-04 10:43:32 [main] INFO  Log - URL verification completed
2026-02-04 10:43:47 [main] INFO  TC_2Bikes - To retrieve the data of the Royal Enfield Bikes under 5 lakhs
2026-02-04 10:44:19 [main] INFO  TC_2Bikes - Retrieved Bike Details Sucessfully
2026-02-04 10:44:35 [main] INFO  TC_3UpcomingDisplayed - Checking whether Upcoming Bikes displayed or not
2026-02-04 10:44:35 [main] INFO  TC_3UpcomingDisplayed - Upcoming Bikes Displayed Successfully
2026-02-04 10:44:58 [main] INFO  TC_4AllBksUndr5lkhs - Checking whether Bikes under five lakhs displayed or not
2026-02-04 10:44:58 [main] INFO  TC_4AllBksUndr5lkhs - Bikes under Five lakhs are displayed
2026-02-04 10:45:41 [main] INFO  TC_5AllBksRylEnField - Checking whether all bikes are royal enfield or not
2026-02-04 10:45:41 [main] INFO  TC_5AllBksRylEnField - All bikes are Royal Enfield
2026-02-04 10:57:37 [main] INFO  Log - Getting URL of the page
2026-02-04 10:57:38 [main] INFO  Log - URL verification completed
2026-02-04 10:57:46 [main] INFO  TC_2Bikes - To retrieve the data of the Royal Enfield Bikes under 5 lakhs
2026-02-04 10:57:51 [main] INFO  TC_2Bikes - Retrieved Bike Details Sucessfully
2026-02-04 10:57:59 [main] INFO  TC_3UpcomingDisplayed - Checking whether Upcoming Bikes displayed or not
2026-02-04 10:58:00 [main] INFO  TC_3UpcomingDisplayed - Upcoming Bikes Displayed Successfully
2026-02-04 10:58:08 [main] INFO  TC_4AllBksUndr5lkhs - Checking whether Bikes under five lakhs displayed or not
2026-02-04 10:58:08 [main] INFO  TC_4AllBksUndr5lkhs - Bikes under Five lakhs are displayed
2026-02-04 10:58:19 [main] INFO  TC_5AllBksRylEnField - Checking whether all bikes are royal enfield or not
2026-02-04 10:58:20 [main] INFO  TC_5AllBksRylEnField - All bikes are Royal Enfield
2026-02-04 11:07:13 [main] INFO  TC_3UpcomingDisplayed - Checking whether Upcoming Bikes displayed or not
2026-02-04 11:07:13 [main] INFO  TC_3UpcomingDisplayed - Upcoming Bikes Displayed Successfully
2026-02-04 11:09:20 [main] INFO  TC_16VEmailInPwd - To verify with the valid email and invalid password
2026-02-04 11:09:23 [main] INFO  TC_16VEmailInPwd - Unable to login 
2026-02-04 11:18:40 [main] INFO  TC_16VEmailInPwd - To verify with the valid email and invalid password
2026-02-04 11:18:46 [main] INFO  TC_16VEmailInPwd - Unable to login 
2026-02-04 11:22:35 [main] INFO  Log - Getting URL of the page
2026-02-04 11:22:37 [main] INFO  Log - URL verification completed
2026-02-04 11:27:21 [main] INFO  Log - Getting URL of the page
2026-02-04 11:27:22 [main] INFO  Log - URL verification completed
2026-02-04 11:27:31 [main] INFO  TC_2Bikes - To retrieve the data of the Royal Enfield Bikes under 5 lakhs
2026-02-04 11:27:35 [main] INFO  TC_2Bikes - Retrieved Bike Details Sucessfully
2026-02-04 11:27:42 [main] INFO  TC_3UpcomingDisplayed - Checking whether Upcoming Bikes displayed or not
2026-02-04 11:27:42 [main] INFO  TC_3UpcomingDisplayed - Upcoming Bikes Displayed Successfully
2026-02-04 11:27:51 [main] INFO  TC_4AllBksUndr5lkhs - Checking whether Bikes under five lakhs displayed or not
2026-02-04 11:27:51 [main] INFO  TC_4AllBksUndr5lkhs - Bikes under Five lakhs are displayed
2026-02-04 11:28:03 [main] INFO  TC_5AllBksRylEnField - Checking whether all bikes are royal enfield or not
2026-02-04 11:28:03 [main] INFO  TC_5AllBksRylEnField - All bikes are Royal Enfield
2026-02-04 11:28:12 [main] INFO  TC_6AllBikes - Retrieving all the bikes details displayed or not
2026-02-04 11:28:14 [main] INFO  TC_6AllBikes - all the bike details are displayed successfully
2026-02-04 11:28:26 [main] INFO  TC_7AlrtMe - Checking whether Alert me option is displayed or not
2026-02-04 11:28:26 [main] INFO  TC_7AlrtMe - ALert me option displayed sucessfully
2026-02-04 11:28:37 [main] INFO  TC_8Cars - Retrieving the car details
2026-02-04 11:28:39 [main] INFO  TC_8Cars - Retrieved all the car details sucessfully
2026-02-04 11:28:50 [main] INFO  TC_9CarsURL - Whether the car url is valid or not
2026-02-04 11:28:50 [main] INFO  TC_9CarsURL - Cars url verified Sucessfully
2026-02-04 11:28:58 [main] INFO  TC_10Location - Checking whether chennai location is present
2026-02-04 11:29:01 [main] INFO  TC_10Location - Chennai location is displayed
2026-02-04 11:29:11 [main] INFO  TC_11UsedCarsInChennai - To check whether used cars in chennai is displayed or not
2026-02-04 11:29:15 [main] INFO  TC_11UsedCarsInChennai - Used cars option is displayed successfully
2026-02-04 11:29:34 [main] INFO  TC_13DuplicateBikes - To check whether there are any duplicates are present
2026-02-04 11:29:38 [main] INFO  TC_13DuplicateBikes - No duplicates are present
2026-02-04 11:29:46 [main] INFO  TC_14DuplicateCars - to check the duplicate cars are present or not
2026-02-04 11:29:51 [main] INFO  TC_14DuplicateCars - No duplicate cars are found
2026-02-04 11:30:08 [main] INFO  TC_16VEmailInPwd - To verify with the valid email and invalid password
2026-02-04 11:30:12 [main] INFO  TC_16VEmailInPwd - Unable to login 
2026-02-04 11:38:32 [main] INFO  Log - Getting URL of the page
2026-02-04 11:38:35 [main] INFO  Log - URL verification completed
2026-02-04 11:46:18 [main] INFO  TC_10Location - Checking whether chennai location is present
2026-02-04 11:46:24 [main] INFO  TC_10Location - Chennai location is displayed
2026-02-04 11:46:46 [main] INFO  TC_11UsedCarsInChennai - To check whether used cars in chennai is displayed or not
2026-02-04 11:46:51 [main] INFO  TC_11UsedCarsInChennai - Used cars option is displayed successfully
2026-02-04 11:47:29 [main] INFO  TC_13DuplicateBikes - To check whether there are any duplicates are present
2026-02-04 11:47:32 [main] INFO  TC_13DuplicateBikes - No duplicates are present
2026-02-04 11:47:47 [main] INFO  TC_14DuplicateCars - to check the duplicate cars are present or not
2026-02-04 11:47:52 [main] INFO  TC_14DuplicateCars - No duplicate cars are found
2026-02-04 11:48:20 [main] INFO  TC_16VEmailInPwd - To verify with the valid email and invalid password
2026-02-04 11:48:25 [main] INFO  TC_16VEmailInPwd - Unable to login 
2026-02-04 11:49:29 [main] INFO  Log - Getting URL of the page
2026-02-04 11:49:32 [main] INFO  Log - URL verification completed
2026-02-04 11:50:03 [main] INFO  TC_2Bikes - To retrieve the data of the Royal Enfield Bikes under 5 lakhs
2026-02-04 11:50:10 [main] INFO  TC_2Bikes - Retrieved Bike Details Sucessfully
2026-02-04 11:50:28 [main] INFO  TC_3UpcomingDisplayed - Checking whether Upcoming Bikes displayed or not
2026-02-04 11:50:28 [main] INFO  TC_3UpcomingDisplayed - Upcoming Bikes Displayed Successfully
2026-02-04 11:50:42 [main] INFO  TC_4AllBksUndr5lkhs - Checking whether Bikes under five lakhs displayed or not
2026-02-04 11:50:43 [main] INFO  TC_4AllBksUndr5lkhs - Bikes under Five lakhs are displayed
2026-02-04 11:51:02 [main] INFO  TC_5AllBksRylEnField - Checking whether all bikes are royal enfield or not
2026-02-04 11:51:03 [main] INFO  TC_5AllBksRylEnField - All bikes are Royal Enfield
2026-02-04 11:51:22 [main] INFO  TC_6AllBikes - Retrieving all the bikes details displayed or not
2026-02-04 11:51:25 [main] INFO  TC_6AllBikes - all the bike details are displayed successfully
2026-02-04 11:51:41 [main] INFO  TC_7AlrtMe - Checking whether Alert me option is displayed or not
2026-02-04 11:51:41 [main] INFO  TC_7AlrtMe - ALert me option displayed sucessfully
2026-02-04 11:51:57 [main] INFO  TC_8Cars - Retrieving the car details
2026-02-04 11:51:59 [main] INFO  TC_8Cars - Retrieved all the car details sucessfully
2026-02-04 11:52:14 [main] INFO  TC_9CarsURL - Whether the car url is valid or not
2026-02-04 11:52:14 [main] INFO  TC_9CarsURL - Cars url verified Sucessfully
2026-02-04 11:55:13 [main] INFO  Log - Getting URL of the page
2026-02-04 11:55:16 [main] INFO  Log - URL verification completed
2026-02-04 11:55:27 [main] INFO  TC_2Bikes - To retrieve the data of the Royal Enfield Bikes under 5 lakhs
2026-02-04 11:55:37 [main] INFO  TC_2Bikes - Retrieved Bike Details Sucessfully
2026-02-04 11:56:33 [main] INFO  TC_3UpcomingDisplayed - Checking whether Upcoming Bikes displayed or not
2026-02-04 11:56:33 [main] INFO  TC_3UpcomingDisplayed - Upcoming Bikes Displayed Successfully
2026-02-04 11:57:05 [main] INFO  TC_4AllBksUndr5lkhs - Checking whether Bikes under five lakhs displayed or not
2026-02-04 11:57:05 [main] INFO  TC_4AllBksUndr5lkhs - Bikes under Five lakhs are displayed
2026-02-04 11:57:21 [main] INFO  TC_5AllBksRylEnField - Checking whether all bikes are royal enfield or not
2026-02-04 11:57:21 [main] INFO  TC_5AllBksRylEnField - All bikes are Royal Enfield
2026-02-04 11:57:35 [main] INFO  TC_6AllBikes - Retrieving all the bikes details displayed or not
2026-02-04 11:57:37 [main] INFO  TC_6AllBikes - all the bike details are displayed successfully
2026-02-04 11:57:53 [main] INFO  TC_7AlrtMe - Checking whether Alert me option is displayed or not
2026-02-04 11:57:53 [main] INFO  TC_7AlrtMe - ALert me option displayed sucessfully
2026-02-04 11:58:07 [main] INFO  TC_8Cars - Retrieving the car details
2026-02-04 11:58:09 [main] INFO  TC_8Cars - Retrieved all the car details sucessfully
2026-02-04 11:58:23 [main] INFO  TC_9CarsURL - Whether the car url is valid or not
2026-02-04 11:58:23 [main] INFO  TC_9CarsURL - Cars url verified Sucessfully
2026-02-04 11:58:32 [main] INFO  TC_10Location - Checking whether chennai location is present
2026-02-04 11:58:37 [main] INFO  TC_10Location - Chennai location is displayed
2026-02-04 11:58:46 [main] INFO  TC_11UsedCarsInChennai - To check whether used cars in chennai is displayed or not
2026-02-04 11:58:51 [main] INFO  TC_11UsedCarsInChennai - Used cars option is displayed successfully
2026-02-04 11:59:21 [main] INFO  TC_13DuplicateBikes - To check whether there are any duplicates are present
2026-02-04 11:59:25 [main] INFO  TC_13DuplicateBikes - No duplicates are present
2026-02-04 11:59:38 [main] INFO  TC_14DuplicateCars - to check the duplicate cars are present or not
2026-02-04 11:59:43 [main] INFO  TC_14DuplicateCars - No duplicate cars are found
2026-02-04 12:00:07 [main] INFO  TC_16VEmailInPwd - To verify with the valid email and invalid password
2026-02-04 12:00:11 [main] INFO  TC_16VEmailInPwd - Unable to login 
2026-02-04 12:20:32 [main] INFO  Log - Getting URL of the page
2026-02-04 12:20:35 [main] INFO  Log - URL verification completed
2026-02-04 12:20:46 [main] INFO  TC_2Bikes - To retrieve the data of the Royal Enfield Bikes under 5 lakhs
2026-02-04 12:20:51 [main] INFO  TC_2Bikes - Retrieved Bike Details Sucessfully
2026-02-04 12:21:01 [main] INFO  TC_3UpcomingDisplayed - Checking whether Upcoming Bikes displayed or not
2026-02-04 12:21:01 [main] INFO  TC_3UpcomingDisplayed - Upcoming Bikes Displayed Successfully
2026-02-04 12:21:10 [main] INFO  TC_4AllBksUndr5lkhs - Checking whether Bikes under five lakhs displayed or not
2026-02-04 12:21:10 [main] INFO  TC_4AllBksUndr5lkhs - Bikes under Five lakhs are displayed
2026-02-04 12:21:22 [main] INFO  TC_5AllBksRylEnField - Checking whether all bikes are royal enfield or not
2026-02-04 12:21:22 [main] INFO  TC_5AllBksRylEnField - All bikes are Royal Enfield
2026-02-04 12:21:32 [main] INFO  TC_6AllBikes - Retrieving all the bikes details displayed or not
2026-02-04 12:21:35 [main] INFO  TC_6AllBikes - all the bike details are displayed successfully
2026-02-04 12:21:46 [main] INFO  TC_7AlrtMe - Checking whether Alert me option is displayed or not
2026-02-04 12:21:46 [main] INFO  TC_7AlrtMe - ALert me option displayed sucessfully
2026-02-04 12:21:57 [main] INFO  TC_8Cars - Retrieving the car details
2026-02-04 12:22:00 [main] INFO  TC_8Cars - Retrieved all the car details sucessfully
2026-02-04 12:22:13 [main] INFO  TC_9CarsURL - Whether the car url is valid or not
2026-02-04 12:22:13 [main] INFO  TC_9CarsURL - Cars url verified Sucessfully
2026-02-04 12:22:21 [main] INFO  TC_10Location - Checking whether chennai location is present
2026-02-04 12:22:24 [main] INFO  TC_10Location - Chennai location is displayed
2026-02-04 12:22:34 [main] INFO  TC_11UsedCarsInChennai - To check whether used cars in chennai is displayed or not
2026-02-04 12:22:38 [main] INFO  TC_11UsedCarsInChennai - Used cars option is displayed successfully
2026-02-04 12:22:58 [main] INFO  TC_13DuplicateBikes - To check whether there are any duplicates are present
2026-02-04 12:23:02 [main] INFO  TC_13DuplicateBikes - No duplicates are present
2026-02-04 12:23:12 [main] INFO  TC_14DuplicateCars - to check the duplicate cars are present or not
2026-02-04 12:23:16 [main] INFO  TC_14DuplicateCars - No duplicate cars are found
2026-02-04 12:23:32 [main] INFO  TC_16VEmailInPwd - To verify with the valid email and invalid password
2026-02-04 12:23:36 [main] INFO  TC_16VEmailInPwd - Unable to login 
2026-02-07 16:44:34 [main] INFO  Log - Getting URL of the page
2026-02-07 16:44:34 [main] INFO  Log - URL verification completed
2026-02-08 13:58:38 [main] INFO  Log - Getting URL of the page
2026-02-08 13:58:39 [main] INFO  Log - URL verification completed
2026-02-08 13:58:56 [main] INFO  TC_2Bikes - To retrieve the data of the Royal Enfield Bikes under 5 lakhs
2026-02-08 13:59:09 [main] INFO  TC_3UpcomingDisplayed - Checking whether Upcoming Bikes displayed or not
2026-02-08 13:59:09 [main] INFO  TC_3UpcomingDisplayed - Upcoming Bikes Displayed Successfully
2026-02-08 13:59:19 [main] INFO  TC_4AllBksUndr5lkhs - Checking whether Bikes under five lakhs displayed or not
2026-02-08 13:59:19 [main] INFO  TC_4AllBksUndr5lkhs - Bikes under Five lakhs are displayed
2026-02-08 13:59:46 [main] INFO  TC_5AllBksRylEnField - Checking whether all bikes are royal enfield or not
2026-02-08 13:59:46 [main] INFO  TC_5AllBksRylEnField - All bikes are Royal Enfield
2026-02-08 13:59:56 [main] INFO  TC_6AllBikes - Retrieving all the bikes details displayed or not
2026-02-08 14:00:31 [main] INFO  TC_8Cars - Retrieving the car details
2026-02-08 14:01:06 [main] INFO  TC_9CarsURL - Whether the car url is valid or not
2026-02-08 14:01:06 [main] INFO  TC_9CarsURL - Cars url verified Sucessfully
2026-02-08 14:01:19 [main] INFO  TC_10Location - Checking whether chennai location is present
2026-02-08 14:01:24 [main] INFO  TC_10Location - Chennai location is displayed
2026-02-08 14:01:33 [main] INFO  TC_11UsedCarsInChennai - To check whether used cars in chennai is displayed or not
2026-02-08 14:01:38 [main] INFO  TC_11UsedCarsInChennai - Used cars option is displayed successfully
2026-02-08 14:02:04 [main] INFO  TC_13DuplicateBikes - To check whether there are any duplicates are present
2026-02-08 14:02:08 [main] INFO  TC_13DuplicateBikes - No duplicates are present
2026-02-08 14:02:17 [main] INFO  TC_14DuplicateCars - to check the duplicate cars are present or not
2026-02-08 14:02:21 [main] INFO  TC_14DuplicateCars - No duplicate cars are found
2026-02-08 14:02:38 [main] INFO  TC_16VEmailInPwd - To verify with the valid email and invalid password
2026-02-08 14:02:43 [main] INFO  TC_16VEmailInPwd - Unable to login 
2026-02-08 14:20:34 [main] INFO  TC_2Bikes - To retrieve the data of the Royal Enfield Bikes under 5 lakhs
2026-02-08 14:20:41 [main] INFO  TC_2Bikes - Retrieved Bike Details Sucessfully
2026-02-08 14:26:55 [main] INFO  Log - Getting URL of the page
2026-02-08 14:26:56 [main] INFO  Log - URL verification completed
2026-02-08 14:27:04 [main] INFO  TC_2Bikes - To retrieve the data of the Royal Enfield Bikes under 5 lakhs
2026-02-08 14:27:09 [main] INFO  TC_2Bikes - Retrieved Bike Details Sucessfully
2026-02-08 14:27:17 [main] INFO  TC_3UpcomingDisplayed - Checking whether Upcoming Bikes displayed or not
2026-02-08 14:27:17 [main] INFO  TC_3UpcomingDisplayed - Upcoming Bikes Displayed Successfully
2026-02-08 14:27:26 [main] INFO  TC_4AllBksUndr5lkhs - Checking whether Bikes under five lakhs displayed or not
2026-02-08 14:27:26 [main] INFO  TC_4AllBksUndr5lkhs - Bikes under Five lakhs are displayed
2026-02-08 14:27:38 [main] INFO  TC_5AllBksRylEnField - Checking whether all bikes are royal enfield or not
2026-02-08 14:27:38 [main] INFO  TC_5AllBksRylEnField - All bikes are Royal Enfield
2026-02-08 14:27:47 [main] INFO  TC_6AllBikes - Retrieving all the bikes details displayed or not
2026-02-08 14:27:50 [main] INFO  TC_6AllBikes - all the bike details are displayed successfully
2026-02-08 14:28:01 [main] INFO  TC_7AlrtMe - Checking whether Alert me option is displayed or not
2026-02-08 14:28:01 [main] INFO  TC_7AlrtMe - ALert me option displayed sucessfully
2026-02-08 14:28:12 [main] INFO  TC_8Cars - Retrieving the car details
2026-02-08 14:28:14 [main] INFO  TC_8Cars - Retrieved all the car details sucessfully
2026-02-08 14:28:25 [main] INFO  TC_9CarsURL - Whether the car url is valid or not
2026-02-08 14:28:25 [main] INFO  TC_9CarsURL - Cars url verified Sucessfully
2026-02-08 14:28:33 [main] INFO  TC_10Location - Checking whether chennai location is present
2026-02-08 14:28:37 [main] INFO  TC_10Location - Chennai location is displayed
2026-02-08 14:28:45 [main] INFO  TC_11UsedCarsInChennai - To check whether used cars in chennai is displayed or not
2026-02-08 14:28:49 [main] INFO  TC_11UsedCarsInChennai - Used cars option is displayed successfully
2026-02-08 14:29:08 [main] INFO  TC_13DuplicateBikes - To check whether there are any duplicates are present
2026-02-08 14:29:13 [main] INFO  TC_13DuplicateBikes - No duplicates are present
2026-02-08 14:29:22 [main] INFO  TC_14DuplicateCars - to check the duplicate cars are present or not
2026-02-08 14:29:26 [main] INFO  TC_14DuplicateCars - No duplicate cars are found
2026-02-08 14:29:40 [main] INFO  TC_16VEmailInPwd - To verify with the valid email and invalid password
2026-02-08 14:29:43 [main] INFO  TC_16VEmailInPwd - Unable to login 
2026-02-08 16:30:01 [main] INFO  Log - Getting URL of the page
2026-02-08 16:30:02 [main] INFO  Log - URL verification completed
2026-02-09 09:33:58 [main] INFO  Log - Getting URL of the page
2026-02-09 09:34:00 [main] INFO  Log - URL verification completed
2026-02-09 09:35:45 [main] INFO  Log - Getting URL of the page
2026-02-09 09:35:47 [main] INFO  Log - URL verification completed
2026-02-09 09:46:30 [main] INFO  Log - Getting URL of the page
2026-02-09 09:46:32 [main] INFO  Log - URL verification completed
2026-02-09 09:47:38 [main] INFO  Log - Getting URL of the page
2026-02-09 09:47:40 [main] INFO  Log - URL verification completed
2026-02-09 16:29:21 [main] INFO  Log - Getting URL of the page
2026-02-09 16:29:25 [main] INFO  Log - URL verification completed
2026-02-09 16:34:55 [main] INFO  Log - Getting URL of the page
2026-02-09 16:34:57 [main] INFO  Log - URL verification completed
2026-02-09 16:35:19 [main] INFO  TC_2Bikes - To retrieve the data of the Royal Enfield Bikes under 5 lakhs
2026-02-09 16:35:24 [main] INFO  TC_2Bikes - Retrieved Bike Details Sucessfully
2026-02-09 16:39:41 [main] INFO  Log - Getting URL of the page
2026-02-09 16:39:42 [main] INFO  Log - URL verification completed
2026-02-09 16:39:51 [main] INFO  TC_2Bikes - To retrieve the data of the Royal Enfield Bikes under 5 lakhs
2026-02-09 16:39:57 [main] INFO  TC_2Bikes - Retrieved Bike Details Successfully
2026-02-09 17:26:18 [main] INFO  Log - Getting URL of the page
2026-02-09 17:26:19 [main] INFO  Log - URL verification completed
2026-02-12 10:26:48 [main] INFO  Log - Getting URL of the page
2026-02-12 10:26:49 [main] INFO  Log - URL verification completed
2026-02-12 10:26:56 [main] INFO  TC_2Bikes - To retrieve the data of the Royal Enfield Bikes under 5 lakhs
2026-02-12 10:27:02 [main] INFO  TC_2Bikes - Retrieved Bike Details Successfully
2026-02-12 10:32:00 [main] INFO  Log - Getting URL of the page
2026-02-12 10:32:02 [main] INFO  Log - URL verification completed
2026-02-12 10:32:09 [main] INFO  TC_2Bikes - To retrieve the data of the Royal Enfield Bikes under 5 lakhs
2026-02-12 10:32:14 [main] INFO  TC_2Bikes - Retrieved Bike Details Successfully
2026-02-12 10:32:21 [main] INFO  TC_3UpcomingDisplayed - Checking whether Upcoming Bikes displayed or not
2026-02-12 10:32:21 [main] INFO  TC_3UpcomingDisplayed - Upcoming Bikes Displayed Successfully
2026-02-12 10:32:28 [main] INFO  TC_4AllBksUndr5lkhs - Checking whether Bikes under five lakhs displayed or not
2026-02-12 10:32:28 [main] INFO  TC_4AllBksUndr5lkhs - Bikes under Five lakhs are displayed
2026-02-12 10:32:38 [main] INFO  TC_5AllBksRylEnField - Checking whether all bikes are royal enfield or not
2026-02-12 10:32:38 [main] INFO  TC_5AllBksRylEnField - All bikes are Royal Enfield
2026-02-12 10:32:46 [main] INFO  TC_6AllBikes - Retrieving all the bikes details displayed or not
2026-02-12 10:32:50 [main] INFO  TC_6AllBikes - all the bike details are displayed successfully
2026-03-03 15:28:01 [main] INFO  Log - Getting URL of the page
2026-03-03 15:28:05 [main] INFO  Log - URL verification completed
2026-03-03 15:28:17 [main] INFO  TC_2Bikes - To retrieve the data of the Royal Enfield Bikes under 5 lakhs
2026-03-03 15:28:24 [main] INFO  TC_2Bikes - Retrieved Bike Details Successfully
2026-03-03 15:30:36 [main] INFO  Log - Getting URL of the page
2026-03-03 15:30:40 [main] INFO  Log - URL verification completed
2026-03-03 15:31:07 [main] INFO  TC_2Bikes - To retrieve the data of the Royal Enfield Bikes under 5 lakhs
2026-03-03 15:31:13 [main] INFO  TC_2Bikes - Retrieved Bike Details Successfully
2026-03-03 15:33:43 [main] INFO  Log - Getting URL of the page
2026-03-03 15:33:45 [main] INFO  Log - URL verification completed
2026-03-03 15:33:53 [main] INFO  TC_2Bikes - To retrieve the data of the Royal Enfield Bikes under 5 lakhs
2026-03-03 15:34:01 [main] INFO  TC_2Bikes - Retrieved Bike Details Successfully
